<?xml version="1.0" encoding="UTF-8"?>
<!-- Generated by org.testng.reporters.JUnitReportReporter -->
<testsuite skipped="0" hostname="usnyxs32w7n312" name="Scripts.SearchStudioGoogleMap" tests="1" failures="0" timestamp="13 Nov 2018 14:35:30 GMT" time="37.146" errors="0">
  <testcase name="SearchStudio" time="37.146" classname="Scripts.SearchStudioGoogleMap"/>
</testsuite> <!-- Scripts.SearchStudioGoogleMap -->
