<?xml version="1.0" encoding="UTF-8"?>
<!-- Generated by org.testng.reporters.JUnitReportReporter -->
<testsuite skipped="0" hostname="usnyxs32w7n132" name="Scripts.SearchStudioGoogleMap" tests="1" failures="0" timestamp="14 Nov 2018 14:55:41 GMT" time="36.154" errors="0">
  <testcase name="SearchStudio" time="36.154" classname="Scripts.SearchStudioGoogleMap"/>
</testsuite> <!-- Scripts.SearchStudioGoogleMap -->
