<?xml version="1.0" encoding="UTF-8"?>
<!-- Generated by org.testng.reporters.JUnitReportReporter -->
<testsuite skipped="0" hostname="usnyxs32w7n001" name="Scripts.SearchProduct" tests="1" failures="0" timestamp="16 Nov 2018 14:34:29 GMT" time="38.995" errors="0">
  <testcase name="searchingProduct" time="38.995" classname="Scripts.SearchProduct"/>
</testsuite> <!-- Scripts.SearchProduct -->
